2025-06-23 23:57:16,885 - INFO - [31m[1mWARNING: This is a development server. Do not use it in a production deployment. Use a production WSGI server instead.[0m
 * Running on all addresses (0.0.0.0)
 * Running on http://127.0.0.1:5000
 * Running on http://192.168.0.11:5000
2025-06-23 23:57:16,886 - INFO - [33mPress CTRL+C to quit[0m
2025-06-23 23:57:42,041 - INFO - 127.0.0.1 - - [23/Jun/2025 23:57:42] "GET / HTTP/1.1" 200 -
2025-06-23 23:57:46,566 - INFO - Starting search for: ellie leen
2025-06-23 23:57:57,281 - WARNING - Attempt 1 failed for https://www.themoviedb.org/search/person?query=ellie%20leen: HTTPSConnectionPool(host='www.themoviedb.org', port=443): Max retries exceeded with url: /search/person?query=ellie%20leen (Caused by NewConnectionError('<urllib3.connection.HTTPSConnection object at 0x7f71a9195a60>: Failed to establish a new connection: [Errno 111] Connection refused'))
2025-06-23 23:58:00,813 - WARNING - Attempt 2 failed for https://www.themoviedb.org/search/person?query=ellie%20leen: HTTPSConnectionPool(host='www.themoviedb.org', port=443): Max retries exceeded with url: /search/person?query=ellie%20leen (Caused by NewConnectionError('<urllib3.connection.HTTPSConnection object at 0x7f71a8f81f70>: Failed to establish a new connection: [Errno 111] Connection refused'))
2025-06-23 23:58:03,577 - INFO - Starting search for: Tom Crues
2025-06-23 23:58:06,337 - WARNING - Attempt 3 failed for https://www.themoviedb.org/search/person?query=ellie%20leen: HTTPSConnectionPool(host='www.themoviedb.org', port=443): Max retries exceeded with url: /search/person?query=ellie%20leen (Caused by NewConnectionError('<urllib3.connection.HTTPSConnection object at 0x7f71a8f83c20>: Failed to establish a new connection: [Errno 111] Connection refused'))
2025-06-23 23:58:06,338 - ERROR - Failed to fetch https://www.themoviedb.org/search/person?query=ellie%20leen after 3 attempts
2025-06-23 23:58:13,131 - WARNING - Attempt 1 failed for https://www.themoviedb.org/search/person?query=Tom%20Crues: HTTPSConnectionPool(host='www.themoviedb.org', port=443): Max retries exceeded with url: /search/person?query=Tom%20Crues (Caused by NewConnectionError('<urllib3.connection.HTTPSConnection object at 0x7f71a9a19fa0>: Failed to establish a new connection: [Errno 111] Connection refused'))
2025-06-23 23:58:16,658 - WARNING - Attempt 2 failed for https://www.themoviedb.org/search/person?query=Tom%20Crues: HTTPSConnectionPool(host='www.themoviedb.org', port=443): Max retries exceeded with url: /search/person?query=Tom%20Crues (Caused by NewConnectionError('<urllib3.connection.HTTPSConnection object at 0x7f71a9a1a9c0>: Failed to establish a new connection: [Errno 111] Connection refused'))
2025-06-23 23:58:22,182 - WARNING - Attempt 3 failed for https://www.themoviedb.org/search/person?query=Tom%20Crues: HTTPSConnectionPool(host='www.themoviedb.org', port=443): Max retries exceeded with url: /search/person?query=Tom%20Crues (Caused by NewConnectionError('<urllib3.connection.HTTPSConnection object at 0x7f71a9a19820>: Failed to establish a new connection: [Errno 111] Connection refused'))
2025-06-23 23:58:22,182 - ERROR - Failed to fetch https://www.themoviedb.org/search/person?query=Tom%20Crues after 3 attempts
2025-06-23 23:58:26,403 - INFO - Starting search for: Tom Cruise
2025-06-23 23:58:27,993 - WARNING - Attempt 1 failed for https://www.celebrityphotos.com/search/?q=ellie%20leen: HTTPSConnectionPool(host='www.celebrityphotos.com', port=443): Max retries exceeded with url: /search/?q=ellie%20leen (Caused by ConnectTimeoutError(<urllib3.connection.HTTPSConnection object at 0x7f71a91f5dc0>, 'Connection to www.celebrityphotos.com timed out. (connect timeout=10)'))
2025-06-23 23:58:34,920 - INFO - Found 30 images from parse_wikimedia
2025-06-23 23:58:36,444 - WARNING - Attempt 1 failed for https://www.themoviedb.org/search/person?query=Tom%20Cruise: HTTPSConnectionPool(host='www.themoviedb.org', port=443): Max retries exceeded with url: /search/person?query=Tom%20Cruise (Caused by NewConnectionError('<urllib3.connection.HTTPSConnection object at 0x7f71a8426000>: Failed to establish a new connection: [Errno 111] Connection refused'))
2025-06-23 23:58:37,963 - INFO - Starting search for: Tom Cruise
2025-06-23 23:58:39,976 - WARNING - Attempt 2 failed for https://www.themoviedb.org/search/person?query=Tom%20Cruise: HTTPSConnectionPool(host='www.themoviedb.org', port=443): Max retries exceeded with url: /search/person?query=Tom%20Cruise (Caused by NewConnectionError('<urllib3.connection.HTTPSConnection object at 0x7f71a9ac7d40>: Failed to establish a new connection: [Errno 111] Connection refused'))
2025-06-23 23:58:43,706 - WARNING - Attempt 1 failed for https://www.celebrityphotos.com/search/?q=Tom%20Crues: HTTPSConnectionPool(host='www.celebrityphotos.com', port=443): Max retries exceeded with url: /search/?q=Tom%20Crues (Caused by ConnectTimeoutError(<urllib3.connection.HTTPSConnection object at 0x7f71a9a1b350>, 'Connection to www.celebrityphotos.com timed out. (connect timeout=10)'))
2025-06-23 23:58:45,508 - WARNING - Attempt 3 failed for https://www.themoviedb.org/search/person?query=Tom%20Cruise: HTTPSConnectionPool(host='www.themoviedb.org', port=443): Max retries exceeded with url: /search/person?query=Tom%20Cruise (Caused by NewConnectionError('<urllib3.connection.HTTPSConnection object at 0x7f71a9062750>: Failed to establish a new connection: [Errno 111] Connection refused'))
2025-06-23 23:58:45,509 - ERROR - Failed to fetch https://www.themoviedb.org/search/person?query=Tom%20Cruise after 3 attempts
2025-06-23 23:58:47,177 - INFO - Found 30 images from parse_wikimedia
2025-06-23 23:58:48,709 - WARNING - Attempt 1 failed for https://www.themoviedb.org/search/person?query=Tom%20Cruise: HTTPSConnectionPool(host='www.themoviedb.org', port=443): Max retries exceeded with url: /search/person?query=Tom%20Cruise (Caused by NewConnectionError('<urllib3.connection.HTTPSConnection object at 0x7f71a82fb290>: Failed to establish a new connection: [Errno 111] Connection refused'))
2025-06-23 23:58:51,517 - WARNING - Attempt 2 failed for https://www.celebrityphotos.com/search/?q=ellie%20leen: HTTPSConnectionPool(host='www.celebrityphotos.com', port=443): Max retries exceeded with url: /search/?q=ellie%20leen (Caused by ConnectTimeoutError(<urllib3.connection.HTTPSConnection object at 0x7f71a9ac4920>, 'Connection to www.celebrityphotos.com timed out. (connect timeout=10)'))
2025-06-23 23:58:52,235 - WARNING - Attempt 2 failed for https://www.themoviedb.org/search/person?query=Tom%20Cruise: HTTPSConnectionPool(host='www.themoviedb.org', port=443): Max retries exceeded with url: /search/person?query=Tom%20Cruise (Caused by NewConnectionError('<urllib3.connection.HTTPSConnection object at 0x7f71a82fbb90>: Failed to establish a new connection: [Errno 111] Connection refused'))
2025-06-23 23:58:57,768 - WARNING - Attempt 3 failed for https://www.themoviedb.org/search/person?query=Tom%20Cruise: HTTPSConnectionPool(host='www.themoviedb.org', port=443): Max retries exceeded with url: /search/person?query=Tom%20Cruise (Caused by NewConnectionError('<urllib3.connection.HTTPSConnection object at 0x7f71a8114e60>: Failed to establish a new connection: [Errno 111] Connection refused'))
2025-06-23 23:58:57,768 - ERROR - Failed to fetch https://www.themoviedb.org/search/person?query=Tom%20Cruise after 3 attempts
2025-06-23 23:59:07,032 - WARNING - Attempt 1 failed for https://www.celebrityphotos.com/search/?q=Tom%20Cruise: HTTPSConnectionPool(host='www.celebrityphotos.com', port=443): Max retries exceeded with url: /search/?q=Tom%20Cruise (Caused by ConnectTimeoutError(<urllib3.connection.HTTPSConnection object at 0x7f71a8235760>, 'Connection to www.celebrityphotos.com timed out. (connect timeout=10)'))
2025-06-23 23:59:07,229 - WARNING - Attempt 2 failed for https://www.celebrityphotos.com/search/?q=Tom%20Crues: HTTPSConnectionPool(host='www.celebrityphotos.com', port=443): Max retries exceeded with url: /search/?q=Tom%20Crues (Caused by ConnectTimeoutError(<urllib3.connection.HTTPSConnection object at 0x7f71a9063200>, 'Connection to www.celebrityphotos.com timed out. (connect timeout=10)'))
2025-06-23 23:59:17,033 - WARNING - Attempt 3 failed for https://www.celebrityphotos.com/search/?q=ellie%20leen: HTTPSConnectionPool(host='www.celebrityphotos.com', port=443): Max retries exceeded with url: /search/?q=ellie%20leen (Caused by ConnectTimeoutError(<urllib3.connection.HTTPSConnection object at 0x7f71a81144d0>, 'Connection to www.celebrityphotos.com timed out. (connect timeout=10)'))
2025-06-23 23:59:17,033 - ERROR - Failed to fetch https://www.celebrityphotos.com/search/?q=ellie%20leen after 3 attempts
2025-06-23 23:59:19,001 - WARNING - Attempt 1 failed for https://www.famousbirthdays.com/search.html?q=ellie%20leen: 404 Client Error: Not Found for url: https://www.famousbirthdays.com/search.html?q=ellie%20leen
2025-06-23 23:59:19,291 - WARNING - Attempt 1 failed for https://www.celebrityphotos.com/search/?q=Tom%20Cruise: HTTPSConnectionPool(host='www.celebrityphotos.com', port=443): Max retries exceeded with url: /search/?q=Tom%20Cruise (Caused by ConnectTimeoutError(<urllib3.connection.HTTPSConnection object at 0x7f71a8115850>, 'Connection to www.celebrityphotos.com timed out. (connect timeout=10)'))
2025-06-23 23:59:23,045 - WARNING - Attempt 2 failed for https://www.famousbirthdays.com/search.html?q=ellie%20leen: 404 Client Error: Not Found for url: https://www.famousbirthdays.com/search.html?q=ellie%20leen
2025-06-23 23:59:28,879 - INFO - 127.0.0.1 - - [23/Jun/2025 23:59:28] "GET /search HTTP/1.1" 200 -
2025-06-23 23:59:28,953 - WARNING - Attempt 3 failed for https://www.famousbirthdays.com/search.html?q=ellie%20leen: 404 Client Error: Not Found for url: https://www.famousbirthdays.com/search.html?q=ellie%20leen
2025-06-23 23:59:28,954 - ERROR - Failed to fetch https://www.famousbirthdays.com/search.html?q=ellie%20leen after 3 attempts
2025-06-23 23:59:30,561 - WARNING - Attempt 2 failed for https://www.celebrityphotos.com/search/?q=Tom%20Cruise: HTTPSConnectionPool(host='www.celebrityphotos.com', port=443): Max retries exceeded with url: /search/?q=Tom%20Cruise (Caused by ConnectTimeoutError(<urllib3.connection.HTTPSConnection object at 0x7f71a81161b0>, 'Connection to www.celebrityphotos.com timed out. (connect timeout=10)'))
2025-06-23 23:59:31,384 - INFO - Total unique images found: 0
2025-06-23 23:59:31,385 - INFO - 127.0.0.1 - - [23/Jun/2025 23:59:31] "GET /search?query=ellie%20leen HTTP/1.1" 200 -
2025-06-23 23:59:32,754 - WARNING - Attempt 3 failed for https://www.celebrityphotos.com/search/?q=Tom%20Crues: HTTPSConnectionPool(host='www.celebrityphotos.com', port=443): Max retries exceeded with url: /search/?q=Tom%20Crues (Caused by ConnectTimeoutError(<urllib3.connection.HTTPSConnection object at 0x7f71a9ac48c0>, 'Connection to www.celebrityphotos.com timed out. (connect timeout=10)'))
2025-06-23 23:59:32,755 - ERROR - Failed to fetch https://www.celebrityphotos.com/search/?q=Tom%20Crues after 3 attempts
2025-06-23 23:59:34,690 - WARNING - Attempt 1 failed for https://www.famousbirthdays.com/search.html?q=Tom%20Crues: 404 Client Error: Not Found for url: https://www.famousbirthdays.com/search.html?q=Tom%20Crues
2025-06-23 23:59:38,584 - WARNING - Attempt 2 failed for https://www.famousbirthdays.com/search.html?q=Tom%20Crues: 404 Client Error: Not Found for url: https://www.famousbirthdays.com/search.html?q=Tom%20Crues
2025-06-23 23:59:42,816 - WARNING - Attempt 2 failed for https://www.celebrityphotos.com/search/?q=Tom%20Cruise: HTTPSConnectionPool(host='www.celebrityphotos.com', port=443): Max retries exceeded with url: /search/?q=Tom%20Cruise (Caused by ConnectTimeoutError(<urllib3.connection.HTTPSConnection object at 0x7f71a82f9e80>, 'Connection to www.celebrityphotos.com timed out. (connect timeout=10)'))
2025-06-23 23:59:44,493 - WARNING - Attempt 3 failed for https://www.famousbirthdays.com/search.html?q=Tom%20Crues: 404 Client Error: Not Found for url: https://www.famousbirthdays.com/search.html?q=Tom%20Crues
2025-06-23 23:59:44,494 - ERROR - Failed to fetch https://www.famousbirthdays.com/search.html?q=Tom%20Crues after 3 attempts
2025-06-23 23:59:46,664 - INFO - Total unique images found: 0
2025-06-23 23:59:46,665 - INFO - 127.0.0.1 - - [23/Jun/2025 23:59:46] "GET /search?query=Tom%20Crues HTTP/1.1" 200 -
2025-06-23 23:59:56,086 - WARNING - Attempt 3 failed for https://www.celebrityphotos.com/search/?q=Tom%20Cruise: HTTPSConnectionPool(host='www.celebrityphotos.com', port=443): Max retries exceeded with url: /search/?q=Tom%20Cruise (Caused by ConnectTimeoutError(<urllib3.connection.HTTPSConnection object at 0x7f71a82faf60>, 'Connection to www.celebrityphotos.com timed out. (connect timeout=10)'))
2025-06-23 23:59:56,086 - ERROR - Failed to fetch https://www.celebrityphotos.com/search/?q=Tom%20Cruise after 3 attempts
2025-06-23 23:59:58,027 - WARNING - Attempt 1 failed for https://www.famousbirthdays.com/search.html?q=Tom%20Cruise: 404 Client Error: Not Found for url: https://www.famousbirthdays.com/search.html?q=Tom%20Cruise
2025-06-24 00:00:02,015 - WARNING - Attempt 2 failed for https://www.famousbirthdays.com/search.html?q=Tom%20Cruise: 404 Client Error: Not Found for url: https://www.famousbirthdays.com/search.html?q=Tom%20Cruise
2025-06-24 00:00:08,002 - WARNING - Attempt 3 failed for https://www.famousbirthdays.com/search.html?q=Tom%20Cruise: 404 Client Error: Not Found for url: https://www.famousbirthdays.com/search.html?q=Tom%20Cruise
2025-06-24 00:00:08,002 - ERROR - Failed to fetch https://www.famousbirthdays.com/search.html?q=Tom%20Cruise after 3 attempts
2025-06-24 00:00:08,342 - WARNING - Attempt 3 failed for https://www.celebrityphotos.com/search/?q=Tom%20Cruise: HTTPSConnectionPool(host='www.celebrityphotos.com', port=443): Max retries exceeded with url: /search/?q=Tom%20Cruise (Caused by ConnectTimeoutError(<urllib3.connection.HTTPSConnection object at 0x7f71a82facf0>, 'Connection to www.celebrityphotos.com timed out. (connect timeout=10)'))
2025-06-24 00:00:08,342 - ERROR - Failed to fetch https://www.celebrityphotos.com/search/?q=Tom%20Cruise after 3 attempts
2025-06-24 00:00:10,351 - WARNING - Attempt 1 failed for https://www.famousbirthdays.com/search.html?q=Tom%20Cruise: 404 Client Error: Not Found for url: https://www.famousbirthdays.com/search.html?q=Tom%20Cruise
2025-06-24 00:00:10,475 - INFO - Total unique images found: 30
2025-06-24 00:00:10,476 - INFO - 127.0.0.1 - - [24/Jun/2025 00:00:10] "GET /search?query=Tom%20Cruise HTTP/1.1" 200 -
2025-06-24 00:00:14,283 - WARNING - Attempt 2 failed for https://www.famousbirthdays.com/search.html?q=Tom%20Cruise: 404 Client Error: Not Found for url: https://www.famousbirthdays.com/search.html?q=Tom%20Cruise
2025-06-24 00:00:20,258 - WARNING - Attempt 3 failed for https://www.famousbirthdays.com/search.html?q=Tom%20Cruise: 404 Client Error: Not Found for url: https://www.famousbirthdays.com/search.html?q=Tom%20Cruise
2025-06-24 00:00:20,258 - ERROR - Failed to fetch https://www.famousbirthdays.com/search.html?q=Tom%20Cruise after 3 attempts
2025-06-24 00:00:22,597 - INFO - Total unique images found: 30
2025-06-24 00:00:22,598 - INFO - 127.0.0.1 - - [24/Jun/2025 00:00:22] "GET /search?query=Tom%20Cruise HTTP/1.1" 200 -
2025-06-24 00:01:30,430 - INFO - Starting search for: Tom Cruise
2025-06-24 00:01:38,721 - INFO - Found 30 images from parse_wikimedia
2025-06-24 00:01:40,247 - WARNING - Attempt 1 failed for https://www.themoviedb.org/search/person?query=Tom%20Cruise: HTTPSConnectionPool(host='www.themoviedb.org', port=443): Max retries exceeded with url: /search/person?query=Tom%20Cruise (Caused by NewConnectionError('<urllib3.connection.HTTPSConnection object at 0x7f71a8f65280>: Failed to establish a new connection: [Errno 111] Connection refused'))
2025-06-24 00:01:43,772 - WARNING - Attempt 2 failed for https://www.themoviedb.org/search/person?query=Tom%20Cruise: HTTPSConnectionPool(host='www.themoviedb.org', port=443): Max retries exceeded with url: /search/person?query=Tom%20Cruise (Caused by NewConnectionError('<urllib3.connection.HTTPSConnection object at 0x7f71a2bcfe90>: Failed to establish a new connection: [Errno 111] Connection refused'))
2025-06-24 00:01:49,297 - WARNING - Attempt 3 failed for https://www.themoviedb.org/search/person?query=Tom%20Cruise: HTTPSConnectionPool(host='www.themoviedb.org', port=443): Max retries exceeded with url: /search/person?query=Tom%20Cruise (Caused by NewConnectionError('<urllib3.connection.HTTPSConnection object at 0x7f71a2bcf500>: Failed to establish a new connection: [Errno 111] Connection refused'))
2025-06-24 00:01:49,298 - ERROR - Failed to fetch https://www.themoviedb.org/search/person?query=Tom%20Cruise after 3 attempts
2025-06-24 00:02:10,823 - WARNING - Attempt 1 failed for https://www.celebrityphotos.com/search/?q=Tom%20Cruise: HTTPSConnectionPool(host='www.celebrityphotos.com', port=443): Max retries exceeded with url: /search/?q=Tom%20Cruise (Caused by ConnectTimeoutError(<urllib3.connection.HTTPSConnection object at 0x7f71a8f65280>, 'Connection to www.celebrityphotos.com timed out. (connect timeout=10)'))
2025-06-24 00:02:34,342 - WARNING - Attempt 2 failed for https://www.celebrityphotos.com/search/?q=Tom%20Cruise: HTTPSConnectionPool(host='www.celebrityphotos.com', port=443): Max retries exceeded with url: /search/?q=Tom%20Cruise (Caused by ConnectTimeoutError(<urllib3.connection.HTTPSConnection object at 0x7f71a2bcff80>, 'Connection to www.celebrityphotos.com timed out. (connect timeout=10)'))
2025-06-24 00:02:59,859 - WARNING - Attempt 3 failed for https://www.celebrityphotos.com/search/?q=Tom%20Cruise: HTTPSConnectionPool(host='www.celebrityphotos.com', port=443): Max retries exceeded with url: /search/?q=Tom%20Cruise (Caused by ConnectTimeoutError(<urllib3.connection.HTTPSConnection object at 0x7f71a2bced80>, 'Connection to www.celebrityphotos.com timed out. (connect timeout=10)'))
2025-06-24 00:02:59,859 - ERROR - Failed to fetch https://www.celebrityphotos.com/search/?q=Tom%20Cruise after 3 attempts
2025-06-24 00:03:01,858 - WARNING - Attempt 1 failed for https://www.famousbirthdays.com/search.html?q=Tom%20Cruise: 404 Client Error: Not Found for url: https://www.famousbirthdays.com/search.html?q=Tom%20Cruise
2025-06-24 00:03:05,876 - WARNING - Attempt 2 failed for https://www.famousbirthdays.com/search.html?q=Tom%20Cruise: 404 Client Error: Not Found for url: https://www.famousbirthdays.com/search.html?q=Tom%20Cruise
